[2020-07-24 16:03:34.206320] INFO: macd: open
[2020-07-24 16:03:34.207317] INFO: macd: close
[2020-07-24 16:03:35.398780] INFO: macd: 行情数据: 万科价格: {'name': 'Ａ股指数', 'open': 3470.0671, 'close': 3485.2455, 'now': 3350.6424, 'high': 3478.9798, 'low': 3338.2694, 'buy': 0.0, 'sell': 0.0, 'turnover': 426653834, 'volume': 584096348176.0, 'bid1_volume': 0, 'bid1': 0.0, 'bid2_volume': 0, 'bid2': 0.0, 'bid3_volume': 0, 'bid3': 0.0, 'bid4_volume': 0, 'bid4': 0.0, 'bid5_volume': 0, 'bid5': 0.0, 'ask1_volume': 0, 'ask1': 0.0, 'ask2_volume': 0, 'ask2': 0.0, 'ask3_volume': 0, 'ask3': 0.0, 'ask4_volume': 0, 'ask4': 0.0, 'ask5_volume': 0, 'ask5': 0.0, 'date': '2020-07-24', 'time': '15:02:10'}
[2020-07-24 16:03:35.398780] INFO: macd: balance: {'资金余额': 198552.17, '可用金额': 198552.17, '可取金额': 0.0, '股票市值': 320.0, '总资产': 198872.17}
[2020-07-24 16:03:35.399780] INFO: macd: 

[2020-07-24 16:03:46.823471] INFO: macd: 行情数据: 万科价格: {'name': 'Ａ股指数', 'open': 3470.0671, 'close': 3485.2455, 'now': 3350.6424, 'high': 3478.9798, 'low': 3338.2694, 'buy': 0.0, 'sell': 0.0, 'turnover': 426653834, 'volume': 584096348176.0, 'bid1_volume': 0, 'bid1': 0.0, 'bid2_volume': 0, 'bid2': 0.0, 'bid3_volume': 0, 'bid3': 0.0, 'bid4_volume': 0, 'bid4': 0.0, 'bid5_volume': 0, 'bid5': 0.0, 'ask1_volume': 0, 'ask1': 0.0, 'ask2_volume': 0, 'ask2': 0.0, 'ask3_volume': 0, 'ask3': 0.0, 'ask4_volume': 0, 'ask4': 0.0, 'ask5_volume': 0, 'ask5': 0.0, 'date': '2020-07-24', 'time': '15:02:10'}
[2020-07-24 16:03:46.823471] INFO: macd: balance: {'资金余额': 198552.17, '可用金额': 198552.17, '可取金额': 0.0, '股票市值': 320.0, '总资产': 198872.17}
[2020-07-24 16:03:46.823471] INFO: macd: 

[2020-07-24 16:03:58.309590] INFO: macd: 行情数据: 万科价格: {'name': 'Ａ股指数', 'open': 3470.0671, 'close': 3485.2455, 'now': 3350.6424, 'high': 3478.9798, 'low': 3338.2694, 'buy': 0.0, 'sell': 0.0, 'turnover': 426653834, 'volume': 584096348176.0, 'bid1_volume': 0, 'bid1': 0.0, 'bid2_volume': 0, 'bid2': 0.0, 'bid3_volume': 0, 'bid3': 0.0, 'bid4_volume': 0, 'bid4': 0.0, 'bid5_volume': 0, 'bid5': 0.0, 'ask1_volume': 0, 'ask1': 0.0, 'ask2_volume': 0, 'ask2': 0.0, 'ask3_volume': 0, 'ask3': 0.0, 'ask4_volume': 0, 'ask4': 0.0, 'ask5_volume': 0, 'ask5': 0.0, 'date': '2020-07-24', 'time': '15:02:10'}
[2020-07-24 16:03:58.309590] INFO: macd: balance: {'资金余额': 198552.17, '可用金额': 198552.17, '可取金额': 0.0, '股票市值': 320.0, '总资产': 198872.17}
[2020-07-24 16:03:58.309590] INFO: macd: 

[2020-07-24 16:04:09.764704] INFO: macd: 行情数据: 万科价格: {'name': 'Ａ股指数', 'open': 3470.0671, 'close': 3485.2455, 'now': 3350.6424, 'high': 3478.9798, 'low': 3338.2694, 'buy': 0.0, 'sell': 0.0, 'turnover': 426653834, 'volume': 584096348176.0, 'bid1_volume': 0, 'bid1': 0.0, 'bid2_volume': 0, 'bid2': 0.0, 'bid3_volume': 0, 'bid3': 0.0, 'bid4_volume': 0, 'bid4': 0.0, 'bid5_volume': 0, 'bid5': 0.0, 'ask1_volume': 0, 'ask1': 0.0, 'ask2_volume': 0, 'ask2': 0.0, 'ask3_volume': 0, 'ask3': 0.0, 'ask4_volume': 0, 'ask4': 0.0, 'ask5_volume': 0, 'ask5': 0.0, 'date': '2020-07-24', 'time': '15:02:10'}
[2020-07-24 16:04:09.764704] INFO: macd: balance: {'资金余额': 198552.17, '可用金额': 198552.17, '可取金额': 0.0, '股票市值': 320.0, '总资产': 198872.17}
[2020-07-24 16:04:09.764704] INFO: macd: 

[2020-07-24 16:04:21.341825] INFO: macd: 行情数据: 万科价格: {'name': 'Ａ股指数', 'open': 3470.0671, 'close': 3485.2455, 'now': 3350.6424, 'high': 3478.9798, 'low': 3338.2694, 'buy': 0.0, 'sell': 0.0, 'turnover': 426653834, 'volume': 584096348176.0, 'bid1_volume': 0, 'bid1': 0.0, 'bid2_volume': 0, 'bid2': 0.0, 'bid3_volume': 0, 'bid3': 0.0, 'bid4_volume': 0, 'bid4': 0.0, 'bid5_volume': 0, 'bid5': 0.0, 'ask1_volume': 0, 'ask1': 0.0, 'ask2_volume': 0, 'ask2': 0.0, 'ask3_volume': 0, 'ask3': 0.0, 'ask4_volume': 0, 'ask4': 0.0, 'ask5_volume': 0, 'ask5': 0.0, 'date': '2020-07-24', 'time': '15:02:10'}
[2020-07-24 16:04:21.342822] INFO: macd: balance: {'资金余额': 198552.17, '可用金额': 198552.17, '可取金额': 0.0, '股票市值': 320.0, '总资产': 198872.17}
[2020-07-24 16:04:21.342822] INFO: macd: 

[2020-07-24 16:04:32.821748] INFO: macd: 行情数据: 万科价格: {'name': 'Ａ股指数', 'open': 3470.0671, 'close': 3485.2455, 'now': 3350.6424, 'high': 3478.9798, 'low': 3338.2694, 'buy': 0.0, 'sell': 0.0, 'turnover': 426653834, 'volume': 584096348176.0, 'bid1_volume': 0, 'bid1': 0.0, 'bid2_volume': 0, 'bid2': 0.0, 'bid3_volume': 0, 'bid3': 0.0, 'bid4_volume': 0, 'bid4': 0.0, 'bid5_volume': 0, 'bid5': 0.0, 'ask1_volume': 0, 'ask1': 0.0, 'ask2_volume': 0, 'ask2': 0.0, 'ask3_volume': 0, 'ask3': 0.0, 'ask4_volume': 0, 'ask4': 0.0, 'ask5_volume': 0, 'ask5': 0.0, 'date': '2020-07-24', 'time': '15:02:10'}
[2020-07-24 16:04:32.821748] INFO: macd: balance: {'资金余额': 198552.17, '可用金额': 198552.17, '可取金额': 0.0, '股票市值': 320.0, '总资产': 198872.17}
[2020-07-24 16:04:32.821748] INFO: macd: 

